INFO	2022-11-16 10:51:41,101	0	root	[main]	App Initiated
INFO	2022-11-16 10:51:46,477	5376	com.cts.incomestatement.uis.StatementUI	[main]	Menu displayed and choice accepted
DEBUG	2022-11-16 10:51:46,477	5376	com.cts.incomestatement.uis.StatementUI	[main]	ADD is the choice
INFO	2022-11-16 10:51:46,477	5376	com.cts.incomestatement.uis.StatementUI	[main]	doAdd attempting
DEBUG	2022-11-16 10:52:03,014	21913	com.cts.incomestatement.uis.StatementUI	[main]	Txn [txnId=0, header=Salary, amount=76000.0, type=CREDIT, txnDate=2020-11-01]
DEBUG	2022-11-16 10:52:03,017	21916	com.cts.incomestatement.services.TxnServiceImpl	[main]	Txn [txnId=0, header=Salary, amount=76000.0, type=CREDIT, txnDate=2020-11-01] adding
INFO	2022-11-16 10:52:03,019	21918	com.cts.incomestatement.daos.TxnDaoImpl	[main]	loading data
DEBUG	2022-11-16 10:52:03,019	21918	com.cts.incomestatement.daos.TxnDaoImpl	[main]	./txns.data
ERROR	2022-11-16 10:52:03,036	21935	com.cts.incomestatement.daos.TxnDaoImpl	[main]	java.io.FileNotFoundException: .\txns.data (The system cannot find the file specified)
DEBUG	2022-11-16 10:52:03,036	21935	com.cts.incomestatement.daos.TxnDaoImpl	[main]	{}
DEBUG	2022-11-16 10:52:03,036	21935	com.cts.incomestatement.daos.TxnDaoImpl	[main]	0
DEBUG	2022-11-16 10:52:03,036	21935	com.cts.incomestatement.daos.TxnDaoImpl	[main]	after adding we have 1 transactions
INFO	2022-11-16 10:52:03,036	21935	com.cts.incomestatement.daos.TxnDaoImpl	[main]	saving data
INFO	2022-11-16 10:52:03,098	21997	com.cts.incomestatement.daos.TxnDaoImpl	[main]	data written
DEBUG	2022-11-16 10:52:03,098	21997	com.cts.incomestatement.uis.StatementUI	[main]	Txn [txnId=1, header=Salary, amount=76000.0, type=CREDIT, txnDate=2020-11-01]
INFO	2022-11-16 10:52:03,098	21997	com.cts.incomestatement.uis.StatementUI	[main]	txn added
INFO	2022-11-16 10:52:06,952	25851	com.cts.incomestatement.uis.StatementUI	[main]	Menu displayed and choice accepted
DEBUG	2022-11-16 10:52:06,953	25852	com.cts.incomestatement.uis.StatementUI	[main]	ADD is the choice
INFO	2022-11-16 10:52:06,953	25852	com.cts.incomestatement.uis.StatementUI	[main]	doAdd attempting
DEBUG	2022-11-16 10:52:33,365	52264	com.cts.incomestatement.uis.StatementUI	[main]	Txn [txnId=0, header=Rent, amount=5500.0, type=DEBIT, txnDate=2020-11-02]
DEBUG	2022-11-16 10:52:33,365	52264	com.cts.incomestatement.services.TxnServiceImpl	[main]	Txn [txnId=0, header=Rent, amount=5500.0, type=DEBIT, txnDate=2020-11-02] adding
DEBUG	2022-11-16 10:52:33,366	52265	com.cts.incomestatement.daos.TxnDaoImpl	[main]	after adding we have 2 transactions
INFO	2022-11-16 10:52:33,366	52265	com.cts.incomestatement.daos.TxnDaoImpl	[main]	saving data
INFO	2022-11-16 10:52:33,368	52267	com.cts.incomestatement.daos.TxnDaoImpl	[main]	data written
DEBUG	2022-11-16 10:52:33,368	52267	com.cts.incomestatement.uis.StatementUI	[main]	Txn [txnId=2, header=Rent, amount=5500.0, type=DEBIT, txnDate=2020-11-02]
INFO	2022-11-16 10:52:33,368	52267	com.cts.incomestatement.uis.StatementUI	[main]	txn added
INFO	2022-11-16 10:52:36,095	54994	com.cts.incomestatement.uis.StatementUI	[main]	Menu displayed and choice accepted
DEBUG	2022-11-16 10:52:36,095	54994	com.cts.incomestatement.uis.StatementUI	[main]	ADD is the choice
INFO	2022-11-16 10:52:36,096	54995	com.cts.incomestatement.uis.StatementUI	[main]	doAdd attempting
DEBUG	2022-11-16 10:52:49,965	68864	com.cts.incomestatement.uis.StatementUI	[main]	Txn [txnId=0, header=Fuel, amount=500.0, type=DEBIT, txnDate=2020-11-02]
DEBUG	2022-11-16 10:52:49,966	68865	com.cts.incomestatement.services.TxnServiceImpl	[main]	Txn [txnId=0, header=Fuel, amount=500.0, type=DEBIT, txnDate=2020-11-02] adding
DEBUG	2022-11-16 10:52:49,966	68865	com.cts.incomestatement.daos.TxnDaoImpl	[main]	after adding we have 3 transactions
INFO	2022-11-16 10:52:49,966	68865	com.cts.incomestatement.daos.TxnDaoImpl	[main]	saving data
INFO	2022-11-16 10:52:49,968	68867	com.cts.incomestatement.daos.TxnDaoImpl	[main]	data written
DEBUG	2022-11-16 10:52:49,969	68868	com.cts.incomestatement.uis.StatementUI	[main]	Txn [txnId=3, header=Fuel, amount=500.0, type=DEBIT, txnDate=2020-11-02]
INFO	2022-11-16 10:52:49,969	68868	com.cts.incomestatement.uis.StatementUI	[main]	txn added
INFO	2022-11-16 10:52:58,569	77468	com.cts.incomestatement.uis.StatementUI	[main]	Menu displayed and choice accepted
DEBUG	2022-11-16 10:52:58,569	77468	com.cts.incomestatement.uis.StatementUI	[main]	STATEMENT is the choice
INFO	2022-11-16 10:52:58,570	77469	com.cts.incomestatement.uis.StatementUI	[main]	Statement display being attempted
DEBUG	2022-11-16 10:53:10,814	89713	com.cts.incomestatement.uis.StatementUI	[main]	2020-11-01,2020-11-11are start and end dates
DEBUG	2022-11-16 10:53:10,836	89735	com.cts.incomestatement.services.TxnServiceImpl	[main]	com.cts.incomestatement.models.Statement@c2e1f26
INFO	2022-11-16 10:53:10,837	89736	com.cts.incomestatement.uis.StatementUI	[main]	statement being displayed
INFO	2022-11-16 10:53:25,925	104824	com.cts.incomestatement.uis.StatementUI	[main]	Menu displayed and choice accepted
DEBUG	2022-11-16 10:53:25,925	104824	com.cts.incomestatement.uis.StatementUI	[main]	QUIT is the choice
INFO	2022-11-16 10:53:25,925	104824	root	[main]	App Terminated
INFO	2022-11-18 11:00:32,069	1	root	[main]	App Initiated
INFO	2022-11-18 11:00:41,165	9097	com.cts.incomestatement.uis.StatementUI	[main]	Menu displayed and choice accepted
DEBUG	2022-11-18 11:00:41,165	9097	com.cts.incomestatement.uis.StatementUI	[main]	ADD is the choice
INFO	2022-11-18 11:00:41,165	9097	com.cts.incomestatement.uis.StatementUI	[main]	doAdd attempting
DEBUG	2022-11-18 11:01:00,843	28775	com.cts.incomestatement.uis.StatementUI	[main]	Txn [txnId=0, header=Salary, amount=78000.0, type=CREDIT, txnDate=2020-11-01]
DEBUG	2022-11-18 11:01:00,846	28778	com.cts.incomestatement.services.TxnServiceImpl	[main]	Txn [txnId=0, header=Salary, amount=78000.0, type=CREDIT, txnDate=2020-11-01] adding
INFO	2022-11-18 11:01:00,846	28778	com.cts.incomestatement.daos.TxnDaoXMLImpl	[main]	loading data
DEBUG	2022-11-18 11:01:00,847	28779	com.cts.incomestatement.daos.TxnDaoXMLImpl	[main]	./txns.xml
DEBUG	2022-11-18 11:01:00,847	28779	com.cts.incomestatement.daos.TxnDaoXMLImpl	[main]	{}
DEBUG	2022-11-18 11:01:00,848	28780	com.cts.incomestatement.daos.TxnDaoXMLImpl	[main]	0
DEBUG	2022-11-18 11:01:00,849	28781	com.cts.incomestatement.daos.TxnDaoXMLImpl	[main]	after adding we have 1 transactions
INFO	2022-11-18 11:01:00,849	28781	com.cts.incomestatement.daos.TxnDaoXMLImpl	[main]	saving data
INFO	2022-11-18 11:01:00,936	28868	com.cts.incomestatement.daos.TxnDaoXMLImpl	[main]	data written
DEBUG	2022-11-18 11:01:00,936	28868	com.cts.incomestatement.uis.StatementUI	[main]	Txn [txnId=1, header=Salary, amount=78000.0, type=CREDIT, txnDate=2020-11-01]
INFO	2022-11-18 11:01:00,936	28868	com.cts.incomestatement.uis.StatementUI	[main]	txn added
INFO	2022-11-18 11:01:05,957	33889	com.cts.incomestatement.uis.StatementUI	[main]	Menu displayed and choice accepted
DEBUG	2022-11-18 11:01:05,958	33890	com.cts.incomestatement.uis.StatementUI	[main]	ADD is the choice
INFO	2022-11-18 11:01:05,958	33890	com.cts.incomestatement.uis.StatementUI	[main]	doAdd attempting
DEBUG	2022-11-18 11:01:23,897	51829	com.cts.incomestatement.uis.StatementUI	[main]	Txn [txnId=0, header=Rent, amount=8000.0, type=DEBIT, txnDate=2020-11-02]
DEBUG	2022-11-18 11:01:23,898	51830	com.cts.incomestatement.services.TxnServiceImpl	[main]	Txn [txnId=0, header=Rent, amount=8000.0, type=DEBIT, txnDate=2020-11-02] adding
DEBUG	2022-11-18 11:01:23,898	51830	com.cts.incomestatement.daos.TxnDaoXMLImpl	[main]	after adding we have 2 transactions
INFO	2022-11-18 11:01:23,898	51830	com.cts.incomestatement.daos.TxnDaoXMLImpl	[main]	saving data
INFO	2022-11-18 11:01:23,900	51832	com.cts.incomestatement.daos.TxnDaoXMLImpl	[main]	data written
DEBUG	2022-11-18 11:01:23,900	51832	com.cts.incomestatement.uis.StatementUI	[main]	Txn [txnId=2, header=Rent, amount=8000.0, type=DEBIT, txnDate=2020-11-02]
INFO	2022-11-18 11:01:23,901	51833	com.cts.incomestatement.uis.StatementUI	[main]	txn added
INFO	2022-11-18 11:01:26,430	54362	com.cts.incomestatement.uis.StatementUI	[main]	Menu displayed and choice accepted
DEBUG	2022-11-18 11:01:26,430	54362	com.cts.incomestatement.uis.StatementUI	[main]	ADD is the choice
INFO	2022-11-18 11:01:26,430	54362	com.cts.incomestatement.uis.StatementUI	[main]	doAdd attempting
DEBUG	2022-11-18 11:01:43,216	71148	com.cts.incomestatement.uis.StatementUI	[main]	Txn [txnId=0, header=Fuel, amount=450.0, type=DEBIT, txnDate=2020-11-10]
DEBUG	2022-11-18 11:01:43,216	71148	com.cts.incomestatement.services.TxnServiceImpl	[main]	Txn [txnId=0, header=Fuel, amount=450.0, type=DEBIT, txnDate=2020-11-10] adding
DEBUG	2022-11-18 11:01:43,216	71148	com.cts.incomestatement.daos.TxnDaoXMLImpl	[main]	after adding we have 3 transactions
INFO	2022-11-18 11:01:43,217	71149	com.cts.incomestatement.daos.TxnDaoXMLImpl	[main]	saving data
INFO	2022-11-18 11:01:43,219	71151	com.cts.incomestatement.daos.TxnDaoXMLImpl	[main]	data written
DEBUG	2022-11-18 11:01:43,219	71151	com.cts.incomestatement.uis.StatementUI	[main]	Txn [txnId=3, header=Fuel, amount=450.0, type=DEBIT, txnDate=2020-11-10]
INFO	2022-11-18 11:01:43,219	71151	com.cts.incomestatement.uis.StatementUI	[main]	txn added
INFO	2022-11-18 11:01:49,876	77808	com.cts.incomestatement.uis.StatementUI	[main]	Menu displayed and choice accepted
DEBUG	2022-11-18 11:01:49,877	77809	com.cts.incomestatement.uis.StatementUI	[main]	QUIT is the choice
INFO	2022-11-18 11:01:49,877	77809	root	[main]	App Terminated
INFO	2022-11-18 11:05:42,732	0	root	[main]	App Initiated
INFO	2022-11-18 11:05:49,088	6356	com.cts.incomestatement.uis.StatementUI	[main]	Menu displayed and choice accepted
DEBUG	2022-11-18 11:05:49,089	6357	com.cts.incomestatement.uis.StatementUI	[main]	ADD is the choice
INFO	2022-11-18 11:05:49,089	6357	com.cts.incomestatement.uis.StatementUI	[main]	doAdd attempting
DEBUG	2022-11-18 11:06:04,330	21598	com.cts.incomestatement.uis.StatementUI	[main]	Txn [txnId=0, header=Salary, amount=88000.0, type=CREDIT, txnDate=2020-11-01]
DEBUG	2022-11-18 11:06:04,332	21600	com.cts.incomestatement.services.TxnServiceImpl	[main]	Txn [txnId=0, header=Salary, amount=88000.0, type=CREDIT, txnDate=2020-11-01] adding
INFO	2022-11-18 11:06:04,333	21601	com.cts.incomestatement.daos.TxnDaoXMLImpl	[main]	loading data
DEBUG	2022-11-18 11:06:04,333	21601	com.cts.incomestatement.daos.TxnDaoXMLImpl	[main]	./txns.xml
DEBUG	2022-11-18 11:06:04,333	21601	com.cts.incomestatement.daos.TxnDaoXMLImpl	[main]	{}
DEBUG	2022-11-18 11:06:04,333	21601	com.cts.incomestatement.daos.TxnDaoXMLImpl	[main]	0
DEBUG	2022-11-18 11:06:04,334	21602	com.cts.incomestatement.daos.TxnDaoXMLImpl	[main]	after adding we have 1 transactions
INFO	2022-11-18 11:06:04,334	21602	com.cts.incomestatement.daos.TxnDaoXMLImpl	[main]	saving data
INFO	2022-11-18 11:06:04,417	21685	com.cts.incomestatement.daos.TxnDaoXMLImpl	[main]	data written
DEBUG	2022-11-18 11:06:04,418	21686	com.cts.incomestatement.uis.StatementUI	[main]	Txn [txnId=1, header=Salary, amount=88000.0, type=CREDIT, txnDate=2020-11-01]
INFO	2022-11-18 11:06:04,419	21687	com.cts.incomestatement.uis.StatementUI	[main]	txn added
INFO	2022-11-18 11:06:30,220	47488	com.cts.incomestatement.uis.StatementUI	[main]	Menu displayed and choice accepted
DEBUG	2022-11-18 11:06:30,220	47488	com.cts.incomestatement.uis.StatementUI	[main]	ADD is the choice
INFO	2022-11-18 11:06:30,220	47488	com.cts.incomestatement.uis.StatementUI	[main]	doAdd attempting
DEBUG	2022-11-18 11:06:45,913	63181	com.cts.incomestatement.uis.StatementUI	[main]	Txn [txnId=0, header=Rent, amount=6000.0, type=DEBIT, txnDate=2020-11-11]
DEBUG	2022-11-18 11:06:45,914	63182	com.cts.incomestatement.services.TxnServiceImpl	[main]	Txn [txnId=0, header=Rent, amount=6000.0, type=DEBIT, txnDate=2020-11-11] adding
DEBUG	2022-11-18 11:06:45,914	63182	com.cts.incomestatement.daos.TxnDaoXMLImpl	[main]	after adding we have 2 transactions
INFO	2022-11-18 11:06:45,914	63182	com.cts.incomestatement.daos.TxnDaoXMLImpl	[main]	saving data
INFO	2022-11-18 11:06:45,916	63184	com.cts.incomestatement.daos.TxnDaoXMLImpl	[main]	data written
DEBUG	2022-11-18 11:06:45,916	63184	com.cts.incomestatement.uis.StatementUI	[main]	Txn [txnId=2, header=Rent, amount=6000.0, type=DEBIT, txnDate=2020-11-11]
INFO	2022-11-18 11:06:45,916	63184	com.cts.incomestatement.uis.StatementUI	[main]	txn added
INFO	2022-11-18 11:07:02,808	80076	com.cts.incomestatement.uis.StatementUI	[main]	Menu displayed and choice accepted
DEBUG	2022-11-18 11:07:02,809	80077	com.cts.incomestatement.uis.StatementUI	[main]	QUIT is the choice
INFO	2022-11-18 11:07:02,809	80077	root	[main]	App Terminated
INFO	2022-11-18 11:09:31,153	0	root	[main]	App Initiated
INFO	2022-11-18 11:09:35,608	4455	com.cts.incomestatement.uis.StatementUI	[main]	Menu displayed and choice accepted
DEBUG	2022-11-18 11:09:35,609	4456	com.cts.incomestatement.uis.StatementUI	[main]	ADD is the choice
INFO	2022-11-18 11:09:35,609	4456	com.cts.incomestatement.uis.StatementUI	[main]	doAdd attempting
DEBUG	2022-11-18 11:09:56,908	25755	com.cts.incomestatement.uis.StatementUI	[main]	Txn [txnId=0, header=Salary, amount=67000.0, type=CREDIT, txnDate=2022-11-01]
DEBUG	2022-11-18 11:09:56,912	25759	com.cts.incomestatement.services.TxnServiceImpl	[main]	Txn [txnId=0, header=Salary, amount=67000.0, type=CREDIT, txnDate=2022-11-01] adding
INFO	2022-11-18 11:09:56,913	25760	com.cts.incomestatement.daos.TxnDaoXMLImpl	[main]	loading data
DEBUG	2022-11-18 11:09:56,913	25760	com.cts.incomestatement.daos.TxnDaoXMLImpl	[main]	./txns.xml
DEBUG	2022-11-18 11:09:56,913	25760	com.cts.incomestatement.daos.TxnDaoXMLImpl	[main]	{}
DEBUG	2022-11-18 11:09:56,914	25761	com.cts.incomestatement.daos.TxnDaoXMLImpl	[main]	0
DEBUG	2022-11-18 11:09:56,914	25761	com.cts.incomestatement.daos.TxnDaoXMLImpl	[main]	after adding we have 1 transactions
INFO	2022-11-18 11:09:56,914	25761	com.cts.incomestatement.daos.TxnDaoXMLImpl	[main]	saving data
INFO	2022-11-18 11:09:56,997	25844	com.cts.incomestatement.daos.TxnDaoXMLImpl	[main]	data written
DEBUG	2022-11-18 11:09:56,998	25845	com.cts.incomestatement.uis.StatementUI	[main]	Txn [txnId=1, header=Salary, amount=67000.0, type=CREDIT, txnDate=2022-11-01]
INFO	2022-11-18 11:09:56,998	25845	com.cts.incomestatement.uis.StatementUI	[main]	txn added
INFO	2022-11-18 11:09:59,062	27909	com.cts.incomestatement.uis.StatementUI	[main]	Menu displayed and choice accepted
DEBUG	2022-11-18 11:09:59,062	27909	com.cts.incomestatement.uis.StatementUI	[main]	ADD is the choice
INFO	2022-11-18 11:09:59,062	27909	com.cts.incomestatement.uis.StatementUI	[main]	doAdd attempting
DEBUG	2022-11-18 11:10:11,440	40287	com.cts.incomestatement.uis.StatementUI	[main]	Txn [txnId=0, header=Rent, amount=5500.0, type=DEBIT, txnDate=2022-11-02]
DEBUG	2022-11-18 11:10:11,440	40287	com.cts.incomestatement.services.TxnServiceImpl	[main]	Txn [txnId=0, header=Rent, amount=5500.0, type=DEBIT, txnDate=2022-11-02] adding
DEBUG	2022-11-18 11:10:11,440	40287	com.cts.incomestatement.daos.TxnDaoXMLImpl	[main]	after adding we have 2 transactions
INFO	2022-11-18 11:10:11,440	40287	com.cts.incomestatement.daos.TxnDaoXMLImpl	[main]	saving data
INFO	2022-11-18 11:10:11,441	40288	com.cts.incomestatement.daos.TxnDaoXMLImpl	[main]	data written
DEBUG	2022-11-18 11:10:11,441	40288	com.cts.incomestatement.uis.StatementUI	[main]	Txn [txnId=2, header=Rent, amount=5500.0, type=DEBIT, txnDate=2022-11-02]
INFO	2022-11-18 11:10:11,441	40288	com.cts.incomestatement.uis.StatementUI	[main]	txn added
INFO	2022-11-18 11:10:13,797	42644	com.cts.incomestatement.uis.StatementUI	[main]	Menu displayed and choice accepted
DEBUG	2022-11-18 11:10:13,798	42645	com.cts.incomestatement.uis.StatementUI	[main]	QUIT is the choice
INFO	2022-11-18 11:10:13,798	42645	root	[main]	App Terminated
INFO	2022-11-18 11:11:15,222	0	root	[main]	App Initiated
INFO	2022-11-18 11:11:21,079	5857	com.cts.incomestatement.uis.StatementUI	[main]	Menu displayed and choice accepted
DEBUG	2022-11-18 11:11:21,080	5858	com.cts.incomestatement.uis.StatementUI	[main]	STATEMENT is the choice
INFO	2022-11-18 11:11:21,080	5858	com.cts.incomestatement.uis.StatementUI	[main]	Statement display being attempted
DEBUG	2022-11-18 11:11:35,504	20282	com.cts.incomestatement.uis.StatementUI	[main]	2022-11-01,2022-11-07are start and end dates
INFO	2022-11-18 11:11:35,506	20284	com.cts.incomestatement.daos.TxnDaoXMLImpl	[main]	loading data
DEBUG	2022-11-18 11:11:35,507	20285	com.cts.incomestatement.daos.TxnDaoXMLImpl	[main]	./txns.xml
INFO	2022-11-18 11:15:19,573	0	root	[main]	App Initiated
INFO	2022-11-18 11:15:25,977	6404	com.cts.incomestatement.uis.StatementUI	[main]	Menu displayed and choice accepted
DEBUG	2022-11-18 11:15:25,979	6406	com.cts.incomestatement.uis.StatementUI	[main]	STATEMENT is the choice
INFO	2022-11-18 11:15:25,979	6406	com.cts.incomestatement.uis.StatementUI	[main]	Statement display being attempted
DEBUG	2022-11-18 11:15:42,754	23181	com.cts.incomestatement.uis.StatementUI	[main]	2022-11-01,2022-11-22are start and end dates
INFO	2022-11-18 11:15:42,754	23181	com.cts.incomestatement.daos.TxnDaoXMLImpl	[main]	loading data
DEBUG	2022-11-18 11:15:42,754	23181	com.cts.incomestatement.daos.TxnDaoXMLImpl	[main]	./txns.xml
DEBUG	2022-11-18 11:15:43,026	23453	com.cts.incomestatement.daos.TxnDaoXMLImpl	[main]	{1=Txn [txnId=1, header=Salary, amount=67000.0, type=CREDIT, txnDate=2022-11-01], 2=Txn [txnId=2, header=Rent, amount=5500.0, type=DEBIT, txnDate=2022-11-02]}
DEBUG	2022-11-18 11:15:43,029	23456	com.cts.incomestatement.daos.TxnDaoXMLImpl	[main]	2
DEBUG	2022-11-18 11:15:43,053	23480	com.cts.incomestatement.services.TxnServiceImpl	[main]	com.cts.incomestatement.models.Statement@19bb089b
INFO	2022-11-18 11:15:43,053	23480	com.cts.incomestatement.uis.StatementUI	[main]	statement being displayed
INFO	2022-11-18 11:15:53,774	34201	com.cts.incomestatement.uis.StatementUI	[main]	Menu displayed and choice accepted
DEBUG	2022-11-18 11:15:53,775	34202	com.cts.incomestatement.uis.StatementUI	[main]	QUIT is the choice
INFO	2022-11-18 11:15:53,775	34202	root	[main]	App Terminated
INFO	2022-11-21 08:52:29,766	0	root	[main]	App Initiated
INFO	2022-11-21 08:52:52,116	22350	com.cts.incomestatement.uis.StatementUI	[main]	Menu displayed and choice accepted
DEBUG	2022-11-21 08:52:52,117	22351	com.cts.incomestatement.uis.StatementUI	[main]	ADD is the choice
INFO	2022-11-21 08:52:52,117	22351	com.cts.incomestatement.uis.StatementUI	[main]	doAdd attempting
DEBUG	2022-11-21 08:53:19,620	49854	com.cts.incomestatement.uis.StatementUI	[main]	Txn [txnId=0, header=Salary, amount=87000.0, type=CREDIT, txnDate=2022-11-01]
DEBUG	2022-11-21 08:53:19,624	49858	com.cts.incomestatement.services.TxnServiceImpl	[main]	Txn [txnId=0, header=Salary, amount=87000.0, type=CREDIT, txnDate=2022-11-01] adding
INFO	2022-11-21 08:53:19,624	49858	com.cts.incomestatement.daos.TxnDaoExcelImpl	[main]	loading data
DEBUG	2022-11-21 08:53:19,624	49858	com.cts.incomestatement.daos.TxnDaoExcelImpl	[main]	./txns.xls
FATAL	2022-11-21 08:53:19,625	49859	com.cts.incomestatement.daos.TxnDaoExcelImpl	[main]	.\txns.xls (The system cannot find the file specified)
java.io.FileNotFoundException: .\txns.xls (The system cannot find the file specified)
	at java.io.FileInputStream.open0(Native Method)
	at java.io.FileInputStream.open(Unknown Source)
	at java.io.FileInputStream.<init>(Unknown Source)
	at java.io.FileInputStream.<init>(Unknown Source)
	at com.cts.incomestatement.daos.TxnDaoExcelImpl.loadData(TxnDaoExcelImpl.java:42)
	at com.cts.incomestatement.daos.TxnDaoImpl.save(TxnDaoImpl.java:49)
	at com.cts.incomestatement.services.TxnServiceImpl.add(TxnServiceImpl.java:50)
	at com.cts.incomestatement.uis.StatementUI.doAdd(StatementUI.java:121)
	at com.cts.incomestatement.uis.StatementUI.run(StatementUI.java:45)
	at com.cts.incomestatement.IncomeStatementApplication.main(IncomeStatementApplication.java:13)
DEBUG	2022-11-21 08:53:19,637	49871	com.cts.incomestatement.daos.TxnDaoExcelImpl	[main]	{}
DEBUG	2022-11-21 08:53:19,638	49872	com.cts.incomestatement.daos.TxnDaoExcelImpl	[main]	0
DEBUG	2022-11-21 08:53:19,638	49872	com.cts.incomestatement.daos.TxnDaoExcelImpl	[main]	after adding we have 1 transactions
INFO	2022-11-21 08:53:19,638	49872	com.cts.incomestatement.daos.TxnDaoExcelImpl	[main]	saving data
INFO	2022-11-21 08:53:20,149	50383	com.cts.incomestatement.daos.TxnDaoExcelImpl	[main]	data written
DEBUG	2022-11-21 08:53:20,150	50384	com.cts.incomestatement.uis.StatementUI	[main]	Txn [txnId=1, header=Salary, amount=87000.0, type=CREDIT, txnDate=2022-11-01]
INFO	2022-11-21 08:53:20,150	50384	com.cts.incomestatement.uis.StatementUI	[main]	txn added
INFO	2022-11-21 08:53:23,073	53307	com.cts.incomestatement.uis.StatementUI	[main]	Menu displayed and choice accepted
DEBUG	2022-11-21 08:53:23,073	53307	com.cts.incomestatement.uis.StatementUI	[main]	ADD is the choice
INFO	2022-11-21 08:53:23,073	53307	com.cts.incomestatement.uis.StatementUI	[main]	doAdd attempting
DEBUG	2022-11-21 08:53:41,835	72069	com.cts.incomestatement.uis.StatementUI	[main]	Txn [txnId=0, header=Rent, amount=7000.0, type=DEBIT, txnDate=2022-11-02]
DEBUG	2022-11-21 08:53:41,836	72070	com.cts.incomestatement.services.TxnServiceImpl	[main]	Txn [txnId=0, header=Rent, amount=7000.0, type=DEBIT, txnDate=2022-11-02] adding
DEBUG	2022-11-21 08:53:41,836	72070	com.cts.incomestatement.daos.TxnDaoExcelImpl	[main]	after adding we have 2 transactions
INFO	2022-11-21 08:53:41,836	72070	com.cts.incomestatement.daos.TxnDaoExcelImpl	[main]	saving data
INFO	2022-11-21 08:53:41,840	72074	com.cts.incomestatement.daos.TxnDaoExcelImpl	[main]	data written
DEBUG	2022-11-21 08:53:41,840	72074	com.cts.incomestatement.uis.StatementUI	[main]	Txn [txnId=2, header=Rent, amount=7000.0, type=DEBIT, txnDate=2022-11-02]
INFO	2022-11-21 08:53:41,841	72075	com.cts.incomestatement.uis.StatementUI	[main]	txn added
INFO	2022-11-21 08:53:46,008	76242	com.cts.incomestatement.uis.StatementUI	[main]	Menu displayed and choice accepted
DEBUG	2022-11-21 08:53:46,008	76242	com.cts.incomestatement.uis.StatementUI	[main]	QUIT is the choice
INFO	2022-11-21 08:53:46,008	76242	root	[main]	App Terminated
INFO	2022-11-21 08:55:28,127	1	root	[main]	App Initiated
INFO	2022-11-21 08:55:33,113	4987	com.cts.incomestatement.uis.StatementUI	[main]	Menu displayed and choice accepted
DEBUG	2022-11-21 08:55:33,114	4988	com.cts.incomestatement.uis.StatementUI	[main]	STATEMENT is the choice
INFO	2022-11-21 08:55:33,114	4988	com.cts.incomestatement.uis.StatementUI	[main]	Statement display being attempted
INFO	2022-11-21 08:55:46,831	0	root	[main]	App Initiated
INFO	2022-11-21 08:55:50,433	3602	com.cts.incomestatement.uis.StatementUI	[main]	Menu displayed and choice accepted
DEBUG	2022-11-21 08:55:50,434	3603	com.cts.incomestatement.uis.StatementUI	[main]	STATEMENT is the choice
INFO	2022-11-21 08:55:50,434	3603	com.cts.incomestatement.uis.StatementUI	[main]	Statement display being attempted
DEBUG	2022-11-21 08:56:06,912	20081	com.cts.incomestatement.uis.StatementUI	[main]	2022-11-01,2022-11-05are start and end dates
INFO	2022-11-21 08:56:06,913	20082	com.cts.incomestatement.daos.TxnDaoExcelImpl	[main]	loading data
DEBUG	2022-11-21 08:56:06,913	20082	com.cts.incomestatement.daos.TxnDaoExcelImpl	[main]	./txns.xls
DEBUG	2022-11-21 08:56:07,375	20544	com.cts.incomestatement.daos.TxnDaoExcelImpl	[main]	{1=Txn [txnId=1, header=Salary, amount=87000.0, type=CREDIT, txnDate=2022-11-01], 2=Txn [txnId=2, header=Rent, amount=7000.0, type=DEBIT, txnDate=2022-11-02]}
DEBUG	2022-11-21 08:56:07,378	20547	com.cts.incomestatement.daos.TxnDaoExcelImpl	[main]	2
DEBUG	2022-11-21 08:56:07,397	20566	com.cts.incomestatement.services.TxnServiceImpl	[main]	com.cts.incomestatement.models.Statement@5bc79255
INFO	2022-11-21 08:56:07,397	20566	com.cts.incomestatement.uis.StatementUI	[main]	statement being displayed
INFO	2022-11-21 08:56:15,288	28457	com.cts.incomestatement.uis.StatementUI	[main]	Menu displayed and choice accepted
DEBUG	2022-11-21 08:56:15,288	28457	com.cts.incomestatement.uis.StatementUI	[main]	QUIT is the choice
INFO	2022-11-21 08:56:15,288	28457	root	[main]	App Terminated
